SF:lib\screens\allergies_sheet.dart
DA:6,2
DA:10,1
DA:12,2
DA:13,5
DA:14,1
DA:15,1
DA:17,1
DA:18,1
DA:19,2
DA:20,2
DA:21,2
DA:22,2
DA:29,1
DA:31,1
DA:32,1
DA:34,1
DA:36,1
DA:37,1
DA:38,2
DA:44,1
DA:45,1
DA:46,2
DA:47,1
DA:49,1
DA:63,2
DA:64,2
LF:26
LH:26
end_of_record
SF:lib\models\data\meals_data.dart
DA:4,2
DA:5,2
DA:7,2
DA:10,2
DA:17,2
DA:18,2
DA:22,2
DA:25,2
DA:32,2
DA:42,2
DA:46,2
DA:49,2
DA:56,2
DA:65,2
DA:69,2
DA:72,2
DA:79,2
DA:89,2
DA:93,2
DA:96,2
DA:103,2
DA:121,2
DA:125,2
DA:128,2
DA:135,2
DA:148,2
DA:152,2
DA:155,2
DA:162,2
DA:171,2
DA:175,2
DA:178,2
DA:185,2
DA:199,2
DA:203,2
DA:206,2
DA:213,2
DA:231,2
DA:235,2
DA:238,2
DA:245,2
DA:264,2
DA:268,2
DA:271,2
DA:278,2
DA:293,2
DA:297,2
DA:300,2
DA:307,2
DA:332,2
DA:336,2
DA:339,2
DA:346,2
DA:364,2
DA:368,2
DA:371,2
DA:378,2
DA:393,2
DA:398,2
DA:401,2
DA:408,2
DA:416,2
DA:420,2
DA:423,2
DA:430,2
DA:455,2
DA:459,2
DA:462,2
DA:469,2
DA:488,2
DA:492,2
DA:495,2
DA:502,2
DA:517,2
DA:521,2
DA:524,2
DA:531,2
DA:543,2
DA:547,2
DA:550,2
DA:557,2
DA:567,2
DA:571,2
DA:574,2
DA:581,2
DA:596,2
DA:600,2
DA:603,2
DA:610,2
DA:630,2
DA:634,2
DA:637,2
DA:644,2
DA:655,2
DA:659,2
DA:662,2
DA:669,2
DA:678,2
DA:682,2
DA:685,2
DA:692,2
DA:701,2
DA:705,2
DA:708,2
DA:715,2
DA:723,2
DA:727,2
DA:730,2
DA:737,2
DA:747,2
DA:751,2
DA:754,2
DA:761,2
DA:774,2
DA:778,2
DA:781,2
DA:788,2
DA:801,2
DA:805,2
DA:808,2
DA:815,2
DA:824,2
DA:828,2
DA:831,2
DA:838,2
DA:852,2
DA:856,2
DA:859,2
DA:866,2
DA:872,2
LF:130
LH:130
end_of_record
SF:lib\models\meals.dart
DA:16,2
LF:1
LH:1
end_of_record
SF:lib\screens\diet_sheet.dart
DA:6,2
DA:10,1
DA:12,2
DA:13,5
DA:15,1
DA:16,1
DA:18,1
DA:20,1
DA:21,2
DA:22,2
DA:44,1
DA:46,1
DA:49,1
DA:51,1
DA:52,1
DA:53,2
DA:59,1
DA:61,1
DA:62,1
DA:64,1
DA:65,1
DA:66,1
DA:82,2
DA:83,2
LF:24
LH:24
end_of_record
SF:lib\screens\meals_screen.dart
DA:8,2
DA:12,1
DA:13,1
DA:20,1
DA:22,6
DA:23,1
DA:30,1
DA:32,1
DA:33,2
DA:34,1
DA:37,2
DA:38,1
DA:39,2
DA:44,1
DA:45,1
DA:46,0
DA:47,0
DA:48,0
DA:49,0
DA:50,0
DA:51,0
DA:52,0
DA:53,0
DA:54,0
DA:55,0
DA:59,1
DA:60,6
DA:70,2
DA:71,6
DA:72,10
DA:73,8
DA:74,4
LF:32
LH:22
end_of_record
SF:lib\models\data\reviews.dart
DA:10,0
DA:12,0
DA:15,1
DA:16,6
DA:20,0
DA:21,0
DA:22,0
LF:7
LH:2
end_of_record
SF:lib\models\review.dart
DA:5,1
LF:1
LH:1
end_of_record
SF:lib\screens\meal_info_screen.dart
DA:10,1
DA:18,1
DA:26,1
DA:27,1
DA:31,0
DA:32,0
DA:33,0
DA:34,0
DA:36,0
DA:40,1
DA:42,1
DA:43,1
DA:44,2
DA:45,1
DA:46,3
DA:47,1
DA:48,1
DA:49,0
DA:50,0
DA:51,0
DA:52,0
DA:54,0
DA:55,0
DA:56,0
DA:61,1
DA:62,1
DA:64,1
DA:65,1
DA:66,2
DA:70,1
DA:72,1
DA:73,3
DA:74,3
DA:77,1
DA:79,1
DA:80,2
DA:84,1
DA:85,3
DA:86,1
DA:88,3
DA:89,1
DA:90,1
DA:91,5
DA:93,1
DA:95,1
DA:96,2
DA:100,1
DA:101,3
DA:102,1
DA:104,3
DA:105,1
DA:106,6
DA:108,3
DA:109,1
DA:110,1
DA:111,1
DA:113,3
DA:114,0
DA:115,0
DA:130,0
DA:132,0
DA:135,0
DA:137,0
DA:138,0
DA:139,0
DA:141,0
DA:143,0
DA:144,0
DA:146,0
DA:153,0
DA:155,0
DA:162,0
DA:163,0
DA:168,0
DA:171,0
DA:172,0
DA:173,0
DA:179,0
DA:180,0
DA:181,0
DA:182,0
DA:184,0
DA:186,0
DA:187,0
DA:195,1
DA:196,1
DA:198,0
DA:199,0
DA:200,0
DA:202,0
DA:203,0
DA:206,1
DA:210,1
DA:211,1
DA:213,3
DA:216,1
DA:218,2
DA:223,2
DA:224,6
DA:227,0
DA:228,0
DA:229,0
DA:231,0
DA:232,0
DA:236,0
DA:238,0
DA:239,0
DA:241,0
DA:242,0
DA:247,1
DA:251,1
DA:256,1
DA:258,4
DA:259,4
DA:260,1
DA:265,1
DA:266,1
DA:272,1
DA:273,1
DA:275,4
DA:276,1
DA:277,1
DA:278,1
DA:279,6
DA:280,1
DA:281,5
DA:296,2
DA:297,2
DA:300,6
LF:129
LH:75
end_of_record
SF:lib\widgets\meal_item.dart
DA:5,1
DA:6,1
DA:11,1
DA:12,1
DA:16,1
DA:18,1
DA:21,1
DA:22,1
DA:23,1
DA:26,1
DA:27,2
DA:31,0
DA:32,0
DA:35,0
DA:37,1
DA:40,0
DA:41,0
DA:42,0
DA:43,0
DA:45,0
DA:49,1
DA:53,1
DA:54,1
DA:55,1
DA:56,3
LF:25
LH:17
end_of_record
SF:lib\screens\categories_screen.dart
DA:7,2
DA:9,1
DA:10,1
DA:17,1
DA:18,4
DA:19,1
DA:20,8
DA:24,1
DA:26,1
DA:27,1
DA:30,1
DA:32,1
DA:33,1
DA:36,2
DA:37,1
DA:39,1
DA:42,2
LF:17
LH:17
end_of_record
SF:lib\models\category.dart
DA:5,1
LF:1
LH:1
end_of_record
SF:lib\models\data\categories_data.dart
DA:4,1
DA:5,1
DA:6,1
DA:7,1
DA:8,1
DA:9,1
DA:10,1
DA:11,1
LF:8
LH:8
end_of_record
SF:lib\widgets\category_item.dart
DA:8,1
DA:9,1
DA:11,1
DA:13,1
DA:14,1
DA:15,2
DA:16,0
DA:17,0
DA:21,1
DA:23,1
DA:24,1
DA:25,1
DA:28,1
DA:29,2
DA:37,1
DA:38,1
DA:39,1
LF:17
LH:15
end_of_record
