SF:lib\screens\allergies_sheet.dart
DA:6,2
DA:10,1
DA:12,2
DA:13,5
DA:14,1
DA:15,1
DA:17,1
DA:18,1
DA:19,2
DA:20,2
DA:21,2
DA:22,2
DA:29,1
DA:31,1
DA:32,1
DA:34,1
DA:36,1
DA:37,1
DA:38,2
DA:44,1
DA:45,1
DA:46,2
DA:47,1
DA:49,1
DA:63,2
DA:64,2
LF:26
LH:26
end_of_record
SF:lib\models\data\meals_data.dart
DA:4,2
DA:5,2
DA:7,2
DA:10,2
DA:17,2
DA:18,2
DA:22,2
DA:25,2
DA:32,2
DA:42,2
DA:46,2
DA:49,2
DA:56,2
DA:65,2
DA:69,2
DA:72,2
DA:79,2
DA:89,2
DA:93,2
DA:96,2
DA:103,2
DA:121,2
DA:125,2
DA:128,2
DA:135,2
DA:148,2
DA:152,2
DA:155,2
DA:162,2
DA:171,2
DA:175,2
DA:178,2
DA:185,2
DA:199,2
DA:203,2
DA:206,2
DA:213,2
DA:231,2
DA:235,2
DA:238,2
DA:245,2
DA:264,2
DA:268,2
DA:271,2
DA:278,2
DA:293,2
DA:297,2
DA:300,2
DA:307,2
DA:332,2
DA:336,2
DA:339,2
DA:346,2
DA:364,2
DA:368,2
DA:371,2
DA:378,2
DA:393,2
DA:398,2
DA:401,2
DA:408,2
DA:416,2
DA:420,2
DA:423,2
DA:430,2
DA:455,2
DA:459,2
DA:462,2
DA:469,2
DA:488,2
DA:492,2
DA:495,2
DA:502,2
DA:517,2
DA:521,2
DA:524,2
DA:531,2
DA:543,2
DA:547,2
DA:550,2
DA:557,2
DA:567,2
DA:571,2
DA:574,2
DA:581,2
DA:596,2
DA:600,2
DA:603,2
DA:610,2
DA:630,2
DA:634,2
DA:637,2
DA:644,2
DA:655,2
DA:659,2
DA:662,2
DA:669,2
DA:678,2
DA:682,2
DA:685,2
DA:692,2
DA:705,2
DA:709,2
DA:712,2
DA:719,2
DA:728,2
DA:732,2
DA:735,2
DA:742,2
DA:756,2
DA:760,2
DA:763,2
DA:770,2
DA:776,2
DA:780,2
DA:783,2
DA:790,2
DA:799,2
DA:803,2
DA:806,2
DA:813,2
DA:821,2
DA:825,2
DA:828,2
DA:835,2
DA:845,2
DA:849,2
DA:852,2
DA:859,2
DA:872,2
LF:130
LH:130
end_of_record
SF:lib\models\meals.dart
DA:16,2
LF:1
LH:1
end_of_record
SF:lib\screens\diet_sheet.dart
DA:6,2
DA:10,1
DA:12,2
DA:13,5
DA:15,1
DA:16,1
DA:18,1
DA:20,1
DA:21,2
DA:22,2
DA:44,1
DA:46,1
DA:49,1
DA:51,1
DA:52,1
DA:53,2
DA:59,1
DA:61,1
DA:62,1
DA:64,1
DA:65,1
DA:66,1
DA:82,2
DA:83,2
LF:24
LH:24
end_of_record
SF:lib\screens\meals_screen.dart
DA:8,2
DA:12,1
DA:13,1
DA:20,1
DA:22,6
DA:23,1
DA:30,1
DA:32,1
DA:33,2
DA:34,1
DA:37,2
DA:38,1
DA:39,2
DA:44,1
DA:45,1
DA:46,0
DA:47,0
DA:48,0
DA:49,0
DA:50,0
DA:51,0
DA:52,0
DA:53,0
DA:54,0
DA:55,0
DA:59,1
DA:60,6
DA:70,2
DA:71,6
DA:72,10
DA:73,8
DA:74,4
LF:32
LH:22
end_of_record
SF:lib\models\data\favorites.dart
DA:8,1
DA:9,2
DA:12,0
DA:13,0
DA:14,0
LF:5
LH:2
end_of_record
SF:lib\models\favorite.dart
DA:6,0
LF:1
LH:0
end_of_record
SF:lib\models\data\reviews.dart
DA:10,0
DA:11,0
DA:14,1
DA:15,6
DA:18,0
DA:19,0
DA:20,0
LF:7
LH:2
end_of_record
SF:lib\models\review.dart
DA:5,1
LF:1
LH:1
end_of_record
SF:lib\screens\meal_info_screen.dart
DA:11,1
DA:19,1
DA:27,1
DA:28,1
DA:32,0
DA:33,0
DA:34,0
DA:35,0
DA:37,0
DA:41,1
DA:43,1
DA:44,1
DA:45,1
DA:46,2
DA:47,1
DA:48,3
DA:49,1
DA:50,1
DA:51,2
DA:52,1
DA:53,1
DA:55,1
DA:56,1
DA:57,1
DA:60,1
DA:63,0
DA:65,1
DA:66,1
DA:68,1
DA:69,1
DA:70,1
DA:73,1
DA:76,0
DA:78,1
DA:79,1
DA:81,1
DA:82,1
DA:83,1
DA:86,1
DA:89,0
DA:90,0
DA:95,1
DA:96,1
DA:98,1
DA:99,1
DA:100,2
DA:104,1
DA:106,1
DA:107,3
DA:108,3
DA:111,1
DA:113,1
DA:114,2
DA:118,1
DA:119,3
DA:120,1
DA:122,3
DA:123,1
DA:124,1
DA:125,5
DA:127,1
DA:129,1
DA:130,2
DA:134,1
DA:135,3
DA:136,1
DA:138,3
DA:139,1
DA:140,6
DA:142,3
DA:143,1
DA:144,1
DA:145,1
DA:147,3
DA:148,0
DA:149,0
DA:164,0
DA:166,0
DA:169,0
DA:171,0
DA:172,0
DA:173,0
DA:175,0
DA:177,0
DA:178,0
DA:180,0
DA:187,0
DA:189,0
DA:196,0
DA:197,0
DA:202,0
DA:205,0
DA:206,0
DA:207,0
DA:213,0
DA:214,0
DA:215,0
DA:216,0
DA:218,0
DA:220,0
DA:221,0
DA:229,1
DA:230,1
DA:232,0
DA:233,0
DA:234,0
DA:236,0
DA:237,0
DA:240,1
DA:244,1
DA:245,1
DA:247,3
DA:250,1
DA:252,2
DA:257,2
DA:258,6
DA:261,0
DA:262,0
DA:263,0
DA:265,0
DA:266,0
DA:270,0
DA:272,0
DA:273,0
DA:275,0
DA:276,0
DA:281,1
DA:285,1
DA:290,1
DA:292,4
DA:293,4
DA:294,1
DA:299,1
DA:300,1
DA:306,1
DA:307,1
DA:309,4
DA:310,1
DA:311,1
DA:312,1
DA:313,6
DA:314,1
DA:315,5
DA:330,2
DA:331,2
DA:334,6
LF:146
LH:95
end_of_record
SF:lib\widgets\meal_item.dart
DA:5,1
DA:6,1
DA:11,1
DA:12,1
DA:16,1
DA:18,1
DA:21,1
DA:22,1
DA:23,1
DA:26,1
DA:27,2
DA:31,0
DA:32,0
DA:35,0
DA:37,1
DA:40,0
DA:41,0
DA:42,0
DA:43,0
DA:45,0
DA:49,1
DA:53,1
DA:54,1
DA:55,1
DA:56,3
LF:25
LH:17
end_of_record
SF:lib\screens\categories_screen.dart
DA:8,2
DA:10,1
DA:11,1
DA:18,1
DA:19,4
DA:20,1
DA:21,8
DA:25,1
DA:27,1
DA:28,1
DA:31,1
DA:33,1
DA:34,1
DA:37,1
DA:38,2
DA:39,1
DA:40,1
DA:41,1
DA:45,1
DA:46,1
DA:47,1
DA:48,0
DA:49,0
DA:50,0
DA:56,2
DA:57,1
DA:59,1
DA:62,2
LF:28
LH:25
end_of_record
SF:lib\screens\favorites_screen.dart
DA:9,2
DA:11,1
DA:13,1
DA:14,1
DA:15,1
DA:16,1
DA:18,1
DA:20,2
DA:21,1
DA:22,1
DA:23,0
DA:24,0
DA:25,0
DA:26,0
DA:27,0
LF:15
LH:10
end_of_record
SF:lib\models\category.dart
DA:5,1
LF:1
LH:1
end_of_record
SF:lib\models\data\categories_data.dart
DA:4,1
DA:5,1
DA:6,1
DA:7,1
DA:8,1
DA:9,1
DA:10,1
DA:11,1
LF:8
LH:8
end_of_record
SF:lib\widgets\category_item.dart
DA:8,1
DA:9,1
DA:11,1
DA:13,1
DA:14,1
DA:15,2
DA:16,0
DA:17,0
DA:21,1
DA:23,1
DA:24,1
DA:25,1
DA:28,1
DA:29,2
DA:37,1
DA:38,1
DA:39,1
LF:17
LH:15
end_of_record
SF:lib\widgets\favorite_item.dart
DA:7,0
DA:12,0
DA:18,0
DA:20,0
DA:21,0
DA:23,0
DA:25,0
DA:26,0
DA:28,0
DA:29,0
DA:31,0
DA:33,0
DA:34,0
DA:35,0
DA:36,0
DA:37,0
DA:40,0
DA:41,0
DA:42,0
DA:43,0
DA:44,0
DA:45,0
DA:46,0
DA:47,0
DA:57,0
DA:58,0
DA:59,0
DA:60,0
DA:61,0
DA:62,0
DA:63,0
DA:65,0
DA:66,0
DA:67,0
LF:34
LH:0
end_of_record
